app/build/outputs/logs/manifest-merger-debug-report.txt
-- Merging decision tree log ---
manifest
ADDED from src/main/AndroidManifest.xml:2:1-65:12
INJECTED from src/main/AndroidManifest.xml:2:1-65:12
INJECTED from src/main/AndroidManifest.xml:2:1-65:12
INJECTED from src/main/AndroidManifest.xml:2:1-65:12
INJECTED from src/main/AndroidManifest.xml:2:1-65:12
INJECTED from src/main/AndroidManifest.xml:2:1-65:12
INJECTED from src/main/AndroidManifest.xml:2:1-65:12
	package
		ADDED from src/main/AndroidManifest.xml:3:5-25
		INJECTED from src/main/AndroidManifest.xml
		INJECTED from src/main/AndroidManifest.xml
	android:versionName
		ADDED from src/main/AndroidManifest.xml:5:5-30
		INJECTED from src/main/AndroidManifest.xml
		INJECTED from src/main/AndroidManifest.xml
	xmlns:android
		ADDED from src/main/AndroidManifest.xml:2:11-69
	android:versionCode
		ADDED from src/main/AndroidManifest.xml:4:5-28
		INJECTED from src/main/AndroidManifest.xml
		INJECTED from src/main/AndroidManifest.xml
uses-sdk
ADDED from src/main/AndroidManifest.xml:7:5-9:41
INJECTED from src/main/AndroidManifest.xml:7:5-9:41
INJECTED from src/main/AndroidManifest.xml:7:5-9:41
INJECTED from src/main/AndroidManifest.xml:7:5-9:41
INJECTED from src/main/AndroidManifest.xml:7:5-9:41
	android:targetSdkVersion
		ADDED from src/main/AndroidManifest.xml:9:9-38
		INJECTED from src/main/AndroidManifest.xml
		INJECTED from src/main/AndroidManifest.xml
	android:minSdkVersion
		ADDED from src/main/AndroidManifest.xml:8:9-35
		INJECTED from src/main/AndroidManifest.xml
		INJECTED from src/main/AndroidManifest.xml
uses-feature#android.hardware.usb.accessory
ADDED from src/main/AndroidManifest.xml:10:5-67
	android:name
		ADDED from src/main/AndroidManifest.xml:10:19-64
uses-permission#android.permission.INTERNET
ADDED from src/main/AndroidManifest.xml:12:5-67
	android:name
		ADDED from src/main/AndroidManifest.xml:12:22-64
uses-permission#android.permission.BLUETOOTH
ADDED from src/main/AndroidManifest.xml:13:5-68
	android:name
		ADDED from src/main/AndroidManifest.xml:13:22-65
uses-permission#android.permission.BLUETOOTH_ADMIN
ADDED from src/main/AndroidManifest.xml:14:5-74
	android:name
		ADDED from src/main/AndroidManifest.xml:14:22-71
application
ADDED from src/main/AndroidManifest.xml:16:5-63:19
	android:label
		ADDED from src/main/AndroidManifest.xml:20:9-41
	android:icon
		ADDED from src/main/AndroidManifest.xml:19:9-39
	android:allowBackup
		ADDED from src/main/AndroidManifest.xml:18:9-35
	android:theme
		ADDED from src/main/AndroidManifest.xml:21:9-56
	android:name
		ADDED from src/main/AndroidManifest.xml:17:9-52
activity#com.jr.uhf.MainActivity
ADDED from src/main/AndroidManifest.xml:23:9-31:20
	android:label
		ADDED from src/main/AndroidManifest.xml:25:13-45
	android:name
		ADDED from src/main/AndroidManifest.xml:24:13-51
intent-filter#android.intent.action.MAIN+android.intent.category.LAUNCHER
ADDED from src/main/AndroidManifest.xml:26:13-30:29
action#android.intent.action.MAIN
ADDED from src/main/AndroidManifest.xml:27:17-69
	android:name
		ADDED from src/main/AndroidManifest.xml:27:25-66
category#android.intent.category.LAUNCHER
ADDED from src/main/AndroidManifest.xml:29:17-77
	android:name
		ADDED from src/main/AndroidManifest.xml:29:27-74
activity#com.jr.uhf.BluetoothActivity
ADDED from src/main/AndroidManifest.xml:32:9-74
	android:name
		ADDED from src/main/AndroidManifest.xml:32:19-62
activity#com.jr.uhf.InventoryTagActivity
ADDED from src/main/AndroidManifest.xml:33:9-77
	android:name
		ADDED from src/main/AndroidManifest.xml:33:19-65
activity#com.jr.uhf.ReadActivity
ADDED from src/main/AndroidManifest.xml:34:9-69
	android:name
		ADDED from src/main/AndroidManifest.xml:34:19-57
activity#com.jr.uhf.WriteActivity
ADDED from src/main/AndroidManifest.xml:35:9-70
	android:name
		ADDED from src/main/AndroidManifest.xml:35:19-58
activity#com.jr.uhf.SettingActivity
ADDED from src/main/AndroidManifest.xml:36:9-72
	android:name
		ADDED from src/main/AndroidManifest.xml:36:19-60
activity#com.jr.uhf.SerialportUHFactivity
ADDED from src/main/AndroidManifest.xml:37:9-78
	android:name
		ADDED from src/main/AndroidManifest.xml:37:19-66
activity#com.jr.uhf.SerialportUHFreadWriteActivity
ADDED from src/main/AndroidManifest.xml:38:9-87
	android:name
		ADDED from src/main/AndroidManifest.xml:38:19-75
activity#com.jr.uhf.ParaSettingActivity
ADDED from src/main/AndroidManifest.xml:39:9-76
	android:name
		ADDED from src/main/AndroidManifest.xml:39:19-64
activity#com.jr.uhf.LockActivity
ADDED from src/main/AndroidManifest.xml:40:9-69
	android:name
		ADDED from src/main/AndroidManifest.xml:40:19-57
activity#com.jr.uhf.SerialportUHFsettingActivity
ADDED from src/main/AndroidManifest.xml:41:9-85
	android:name
		ADDED from src/main/AndroidManifest.xml:41:19-73
activity#com.jr.uhf.SerialportSettingActivity
ADDED from src/main/AndroidManifest.xml:42:9-82
	android:name
		ADDED from src/main/AndroidManifest.xml:42:19-70
activity#com.jr.uhf.KillActivity
ADDED from src/main/AndroidManifest.xml:43:9-69
	android:name
		ADDED from src/main/AndroidManifest.xml:43:19-57
activity#com.jr.uhf.SerialportUHFlockKillActivity
ADDED from src/main/AndroidManifest.xml:44:9-86
	android:name
		ADDED from src/main/AndroidManifest.xml:44:19-74
activity#com.jr.uhf.HelpAcivity
ADDED from src/main/AndroidManifest.xml:45:9-68
	android:name
		ADDED from src/main/AndroidManifest.xml:45:19-56
activity#org.editschedule.SetActivity
ADDED from src/main/AndroidManifest.xml:46:9-74
	android:name
		ADDED from src/main/AndroidManifest.xml:46:19-62
activity#org.androidschedule.MainActivityClass
ADDED from src/main/AndroidManifest.xml:47:9-83
	android:name
		ADDED from src/main/AndroidManifest.xml:47:19-71
activity#org.about.AboutUsActivity
ADDED from src/main/AndroidManifest.xml:48:9-71
	android:name
		ADDED from src/main/AndroidManifest.xml:48:19-59
activity#org.version.VersionActivity
ADDED from src/main/AndroidManifest.xml:49:9-73
	android:name
		ADDED from src/main/AndroidManifest.xml:49:19-61
activity#com.jr.uhf.UsbSettingActivity
ADDED from src/main/AndroidManifest.xml:51:9-61:20
	android:name
		ADDED from src/main/AndroidManifest.xml:51:19-63
meta-data#android.hardware.usb.action.USB_ACCESSORY_ATTACHED
ADDED from src/main/AndroidManifest.xml:57:13-59:70
	android:resource
		ADDED from src/main/AndroidManifest.xml:59:17-57
	android:name
		ADDED from src/main/AndroidManifest.xml:58:17-82